# JRE version: Java(TM) SE Runtime Environment (8.0_251-b08) (build 1.8.0_251-b08)
# Java VM: Java HotSpot(TM) 64-Bit Server VM (25.251-b08 mixed mode windows-amd64 compressed oops)
Heap:
 PSYoungGen      total 173056K, used 64305K [0x00000000d6100000, 0x00000000e3400000, 0x0000000100000000)
  eden space 162816K, 39% used [0x00000000d6100000,0x00000000d9fcc450,0x00000000e0000000)
  from space 10240K, 0% used [0x00000000e0a80000,0x00000000e0a80000,0x00000000e1480000)
  to   space 10752K, 0% used [0x00000000e0000000,0x00000000e0000000,0x00000000e0a80000)
 ParOldGen       total 78848K, used 10900K [0x0000000082200000, 0x0000000086f00000, 0x00000000d6100000)
  object space 78848K, 13% used [0x0000000082200000,0x0000000082ca5100,0x0000000086f00000)
 Metaspace       used 36889K, capacity 39217K, committed 39424K, reserved 1083392K
  class space    used 4607K, capacity 4995K, committed 5120K, reserved 1048576K
GC Heap History (10 events):
Event: 2.145 GC heap before
{Heap before GC invocations=6 (full 1):
 PSYoungGen      total 70656K, used 5095K [0x00000000d6100000, 0x00000000df100000, 0x0000000100000000)
  eden space 65536K, 0% used [0x00000000d6100000,0x00000000d6100000,0x00000000da100000)
  from space 5120K, 99% used [0x00000000da100000,0x00000000da5f9f60,0x00000000da600000)
  to   space 8192K, 0% used [0x00000000de900000,0x00000000de900000,0x00000000df100000)
 ParOldGen       total 86016K, used 2972K [0x0000000082200000, 0x0000000087600000, 0x00000000d6100000)
  object space 86016K, 3% used [0x0000000082200000,0x00000000824e72a0,0x0000000087600000)
 Metaspace       used 20289K, capacity 21165K, committed 21296K, reserved 1069056K
  class space    used 2495K, capacity 2688K, committed 2688K, reserved 1048576K
Event: 2.172 GC heap after
Heap after GC invocations=6 (full 1):
 PSYoungGen      total 70656K, used 0K [0x00000000d6100000, 0x00000000df100000, 0x0000000100000000)
  eden space 65536K, 0% used [0x00000000d6100000,0x00000000d6100000,0x00000000da100000)
  from space 5120K, 0% used [0x00000000da100000,0x00000000da100000,0x00000000da600000)
  to   space 8192K, 0% used [0x00000000de900000,0x00000000de900000,0x00000000df100000)
 ParOldGen       total 53248K, used 6829K [0x0000000082200000, 0x0000000085600000, 0x00000000d6100000)
  object space 53248K, 12% used [0x0000000082200000,0x00000000828ab678,0x0000000085600000)
 Metaspace       used 20289K, capacity 21165K, committed 21296K, reserved 1069056K
  class space    used 2495K, capacity 2688K, committed 2688K, reserved 1048576K
}
Event: 3.037 GC heap before
{Heap before GC invocations=7 (full 1):
 PSYoungGen      total 70656K, used 65536K [0x00000000d6100000, 0x00000000df100000, 0x0000000100000000)
  eden space 65536K, 100% used [0x00000000d6100000,0x00000000da100000,0x00000000da100000)
  from space 5120K, 0% used [0x00000000da100000,0x00000000da100000,0x00000000da600000)
  to   space 8192K, 0% used [0x00000000de900000,0x00000000de900000,0x00000000df100000)
 ParOldGen       total 53248K, used 6829K [0x0000000082200000, 0x0000000085600000, 0x00000000d6100000)
  object space 53248K, 12% used [0x0000000082200000,0x00000000828ab678,0x0000000085600000)
 Metaspace       used 23586K, capacity 24675K, committed 24960K, reserved 1071104K
  class space    used 2922K, capacity 3156K, committed 3200K, reserved 1048576K
Event: 3.042 GC heap after
Heap after GC invocations=7 (full 1):
 PSYoungGen      total 111104K, used 5674K [0x00000000d6100000, 0x00000000def00000, 0x0000000100000000)
  eden space 104960K, 0% used [0x00000000d6100000,0x00000000d6100000,0x00000000dc780000)
  from space 6144K, 92% used [0x00000000de900000,0x00000000dee8ab68,0x00000000def00000)
  to   space 7680K, 0% used [0x00000000de000000,0x00000000de000000,0x00000000de780000)
 ParOldGen       total 53248K, used 6837K [0x0000000082200000, 0x0000000085600000, 0x00000000d6100000)
  object space 53248K, 12% used [0x0000000082200000,0x00000000828ad678,0x0000000085600000)
 Metaspace       used 23586K, capacity 24675K, committed 24960K, reserved 1071104K
  class space    used 2922K, capacity 3156K, committed 3200K, reserved 1048576K
}
Event: 4.763 GC heap before
{Heap before GC invocations=8 (full 1):
 PSYoungGen      total 111104K, used 110634K [0x00000000d6100000, 0x00000000def00000, 0x0000000100000000)
  eden space 104960K, 100% used [0x00000000d6100000,0x00000000dc780000,0x00000000dc780000)
  from space 6144K, 92% used [0x00000000de900000,0x00000000dee8ab68,0x00000000def00000)
  to   space 7680K, 0% used [0x00000000de000000,0x00000000de000000,0x00000000de780000)
 ParOldGen       total 53248K, used 6837K [0x0000000082200000, 0x0000000085600000, 0x00000000d6100000)
  object space 53248K, 12% used [0x0000000082200000,0x00000000828ad678,0x0000000085600000)
 Metaspace       used 31017K, capacity 33107K, committed 33280K, reserved 1079296K
  class space    used 3913K, capacity 4270K, committed 4352K, reserved 1048576K
Event: 4.775 GC heap after
Heap after GC invocations=8 (full 1):
 PSYoungGen      total 137728K, used 7666K [0x00000000d6100000, 0x00000000e1480000, 0x0000000100000000)
  eden space 130048K, 0% used [0x00000000d6100000,0x00000000d6100000,0x00000000de000000)
  from space 7680K, 99% used [0x00000000de000000,0x00000000de77c850,0x00000000de780000)
  to   space 10240K, 0% used [0x00000000e0a80000,0x00000000e0a80000,0x00000000e1480000)
 ParOldGen       total 53248K, used 10496K [0x0000000082200000, 0x0000000085600000, 0x00000000d6100000)
  object space 53248K, 19% used [0x0000000082200000,0x0000000082c40330,0x0000000085600000)
 Metaspace       used 31017K, capacity 33107K, committed 33280K, reserved 1079296K
  class space    used 3913K, capacity 4270K, committed 4352K, reserved 1048576K
}
Event: 7.838 GC heap before
{Heap before GC invocations=9 (full 1):
 PSYoungGen      total 137728K, used 34214K [0x00000000d6100000, 0x00000000e1480000, 0x0000000100000000)
  eden space 130048K, 20% used [0x00000000d6100000,0x00000000d7aed0f0,0x00000000de000000)
  from space 7680K, 99% used [0x00000000de000000,0x00000000de77c850,0x00000000de780000)
  to   space 10240K, 0% used [0x00000000e0a80000,0x00000000e0a80000,0x00000000e1480000)
 ParOldGen       total 53248K, used 10496K [0x0000000082200000, 0x0000000085600000, 0x00000000d6100000)
  object space 53248K, 19% used [0x0000000082200000,0x0000000082c40330,0x0000000085600000)
 Metaspace       used 33199K, capacity 35391K, committed 35496K, reserved 1081344K
  class space    used 4196K, capacity 4600K, committed 4608K, reserved 1048576K
Event: 7.844 GC heap after
Heap after GC invocations=9 (full 1):
 PSYoungGen      total 173056K, used 8478K [0x00000000d6100000, 0x00000000e3400000, 0x0000000100000000)
  eden space 162816K, 0% used [0x00000000d6100000,0x00000000d6100000,0x00000000e0000000)
  from space 10240K, 82% used [0x00000000e0a80000,0x00000000e12c79e8,0x00000000e1480000)
  to   space 10752K, 0% used [0x00000000e0000000,0x00000000e0000000,0x00000000e0a80000)
 ParOldGen       total 53248K, used 10504K [0x0000000082200000, 0x0000000085600000, 0x00000000d6100000)
  object space 53248K, 19% used [0x0000000082200000,0x0000000082c42330,0x0000000085600000)
 Metaspace       used 33199K, capacity 35391K, committed 35496K, reserved 1081344K
  class space    used 4196K, capacity 4600K, committed 4608K, reserved 1048576K
}
Event: 7.844 GC heap before
{Heap before GC invocations=10 (full 2):
 PSYoungGen      total 173056K, used 8478K [0x00000000d6100000, 0x00000000e3400000, 0x0000000100000000)
  eden space 162816K, 0% used [0x00000000d6100000,0x00000000d6100000,0x00000000e0000000)
  from space 10240K, 82% used [0x00000000e0a80000,0x00000000e12c79e8,0x00000000e1480000)
  to   space 10752K, 0% used [0x00000000e0000000,0x00000000e0000000,0x00000000e0a80000)
 ParOldGen       total 53248K, used 10504K [0x0000000082200000, 0x0000000085600000, 0x00000000d6100000)
  object space 53248K, 19% used [0x0000000082200000,0x0000000082c42330,0x0000000085600000)
 Metaspace       used 33199K, capacity 35391K, committed 35496K, reserved 1081344K
  class space    used 4196K, capacity 4600K, committed 4608K, reserved 1048576K
Event: 7.883 GC heap after
Heap after GC invocations=10 (full 2):
 PSYoungGen      total 173056K, used 0K [0x00000000d6100000, 0x00000000e3400000, 0x0000000100000000)
  eden space 162816K, 0% used [0x00000000d6100000,0x00000000d6100000,0x00000000e0000000)
  from space 10240K, 0% used [0x00000000e0a80000,0x00000000e0a80000,0x00000000e1480000)
  to   space 10752K, 0% used [0x00000000e0000000,0x00000000e0000000,0x00000000e0a80000)
 ParOldGen       total 78848K, used 10900K [0x0000000082200000, 0x0000000086f00000, 0x00000000d6100000)
  object space 78848K, 13% used [0x0000000082200000,0x0000000082ca5100,0x0000000086f00000)
 Metaspace       used 33199K, capacity 35391K, committed 35496K, reserved 1081344K
  class space    used 4196K, capacity 4600K, committed 4608K, reserved 1048576K
}

